2022-06-06 14:59:27,756 INFO o.a.j.u.JMeterUtils: Setting Locale to en_EN
2022-06-06 14:59:27,774 INFO o.a.j.JMeter: Loading user properties from: D:\facultate\Anul 5\cercetare\backend\backend\jars\apache-jmeter-5.4\bin\user.properties
2022-06-06 14:59:27,776 INFO o.a.j.JMeter: Loading system properties from: D:\facultate\Anul 5\cercetare\backend\backend\jars\apache-jmeter-5.4\bin\system.properties
2022-06-06 14:59:27,795 INFO o.a.j.JMeter: Copyright (c) 1998-2020 The Apache Software Foundation
2022-06-06 14:59:27,795 INFO o.a.j.JMeter: Version 5.4
2022-06-06 14:59:27,795 INFO o.a.j.JMeter: java.version=1.8.0_181
2022-06-06 14:59:27,795 INFO o.a.j.JMeter: java.vm.name=Java HotSpot(TM) 64-Bit Server VM
2022-06-06 14:59:27,796 INFO o.a.j.JMeter: os.name=Windows 10
2022-06-06 14:59:27,796 INFO o.a.j.JMeter: os.arch=amd64
2022-06-06 14:59:27,796 INFO o.a.j.JMeter: os.version=10.0
2022-06-06 14:59:27,796 INFO o.a.j.JMeter: file.encoding=Cp1252
2022-06-06 14:59:27,796 INFO o.a.j.JMeter: java.awt.headless=true
2022-06-06 14:59:27,796 INFO o.a.j.JMeter: Max memory     =1073741824
2022-06-06 14:59:27,796 INFO o.a.j.JMeter: Available Processors =4
2022-06-06 14:59:27,801 INFO o.a.j.JMeter: Default Locale=English (EN)
2022-06-06 14:59:27,803 INFO o.a.j.JMeter: JMeter  Locale=English (EN)
2022-06-06 14:59:27,803 INFO o.a.j.JMeter: JMeterHome=D:\facultate\Anul 5\cercetare\backend\backend\jars\apache-jmeter-5.4
2022-06-06 14:59:27,803 INFO o.a.j.JMeter: user.dir  =D:\facultate\Anul 5\cercetare\backend\backend
2022-06-06 14:59:27,804 INFO o.a.j.JMeter: PWD       =D:\facultate\Anul 5\cercetare\backend\backend
2022-06-06 14:59:32,556 INFO o.a.j.JMeter: IP: 192.168.91.1 Name: DESKTOP-IFJQT71 FullName: DESKTOP-IFJQT71
2022-06-06 14:59:32,571 INFO o.a.j.s.FileServer: Default base='D:\facultate\Anul 5\cercetare\backend\backend'
2022-06-06 14:59:32,573 INFO o.a.j.s.FileServer: Set new base='D:\facultate\Anul 5\cercetare\backend\backend\src\main\java\com\app\backend\testingFiles'
2022-06-06 14:59:32,802 INFO o.a.j.s.SaveService: Testplan (JMX) version: 2.2. Testlog (JTL) version: 2.2
2022-06-06 14:59:32,831 INFO o.a.j.s.SaveService: Using SaveService properties file encoding UTF-8
2022-06-06 14:59:32,839 INFO o.a.j.s.SaveService: Using SaveService properties version 5.0
2022-06-06 14:59:32,853 INFO o.a.j.s.SaveService: Loading file: src\main\java\com\app\backend\testingFiles\ApacheJMeter_Test1654516756599.jmx
2022-06-06 14:59:32,926 INFO o.a.j.p.h.s.HTTPSamplerBase: Parser for text/html is org.apache.jmeter.protocol.http.parser.LagartoBasedHtmlParser
2022-06-06 14:59:32,926 INFO o.a.j.p.h.s.HTTPSamplerBase: Parser for application/xhtml+xml is org.apache.jmeter.protocol.http.parser.LagartoBasedHtmlParser
2022-06-06 14:59:32,926 INFO o.a.j.p.h.s.HTTPSamplerBase: Parser for application/xml is org.apache.jmeter.protocol.http.parser.LagartoBasedHtmlParser
2022-06-06 14:59:32,927 INFO o.a.j.p.h.s.HTTPSamplerBase: Parser for text/xml is org.apache.jmeter.protocol.http.parser.LagartoBasedHtmlParser
2022-06-06 14:59:32,927 INFO o.a.j.p.h.s.HTTPSamplerBase: Parser for text/vnd.wap.wml is org.apache.jmeter.protocol.http.parser.RegexpHTMLParser
2022-06-06 14:59:32,927 INFO o.a.j.p.h.s.HTTPSamplerBase: Parser for text/css is org.apache.jmeter.protocol.http.parser.CssParser
2022-06-06 14:59:32,993 INFO o.a.j.JMeter: Creating summariser <summary>
2022-06-06 14:59:33,003 INFO o.a.j.e.StandardJMeterEngine: Running the test!
2022-06-06 14:59:33,004 INFO o.a.j.s.SampleEvent: List of sample_variables: []
2022-06-06 14:59:33,004 INFO o.a.j.s.SampleEvent: List of sample_variables: []
2022-06-06 14:59:33,021 INFO o.a.j.e.u.CompoundVariable: Note: Function class names must contain the string: '.functions.'
2022-06-06 14:59:33,022 INFO o.a.j.e.u.CompoundVariable: Note: Function class names must not contain the string: '.gui.'
2022-06-06 14:59:33,691 INFO o.a.j.JMeter: Running test (1654516773691)
2022-06-06 14:59:33,747 INFO o.a.j.e.StandardJMeterEngine: Starting ThreadGroup: 1 : Thread Group
2022-06-06 14:59:33,747 INFO o.a.j.e.StandardJMeterEngine: Starting 8 threads for group Thread Group.
2022-06-06 14:59:33,747 INFO o.a.j.e.StandardJMeterEngine: Thread will continue on error
2022-06-06 14:59:33,747 INFO o.a.j.t.ThreadGroup: Starting thread group... number=1 threads=8 ramp-up=2 delayedStart=false
2022-06-06 14:59:33,760 INFO o.a.j.t.ThreadGroup: Started thread group number 1
2022-06-06 14:59:33,760 INFO o.a.j.e.StandardJMeterEngine: All thread groups have been started
2022-06-06 14:59:33,763 INFO o.a.j.t.JMeterThread: Thread started: Thread Group 1-1
2022-06-06 14:59:33,804 INFO o.a.j.p.h.s.HTTPHCAbstractImpl: Local host = DESKTOP-IFJQT71
2022-06-06 14:59:33,821 INFO o.a.j.p.h.s.HTTPHC4Impl: HTTP request retry count = 0
2022-06-06 14:59:33,822 INFO o.a.j.s.SampleResult: Note: Sample TimeStamps are START times
2022-06-06 14:59:33,822 INFO o.a.j.s.SampleResult: sampleresult.default.encoding is set to ISO-8859-1
2022-06-06 14:59:33,823 INFO o.a.j.s.SampleResult: sampleresult.useNanoTime=true
2022-06-06 14:59:33,823 INFO o.a.j.s.SampleResult: sampleresult.nanoThreadSleep=5000
2022-06-06 14:59:34,006 INFO o.a.j.t.JMeterThread: Thread started: Thread Group 1-2
2022-06-06 14:59:34,179 INFO o.a.j.p.h.s.h.LazyLayeredConnectionSocketFactory: Setting up HTTPS TrustAll Socket Factory
2022-06-06 14:59:34,202 INFO o.a.j.u.JsseSSLManager: Using default SSL protocol: TLS
2022-06-06 14:59:34,202 INFO o.a.j.u.JsseSSLManager: SSL session context: per-thread
2022-06-06 14:59:34,256 INFO o.a.j.t.JMeterThread: Thread started: Thread Group 1-3
2022-06-06 14:59:34,505 INFO o.a.j.t.JMeterThread: Thread started: Thread Group 1-4
2022-06-06 14:59:34,757 INFO o.a.j.t.JMeterThread: Thread started: Thread Group 1-5
2022-06-06 14:59:34,881 INFO o.a.j.u.SSLManager: JmeterKeyStore Location:  type JKS
2022-06-06 14:59:34,884 INFO o.a.j.u.SSLManager: KeyStore created OK
2022-06-06 14:59:34,885 WARN o.a.j.u.SSLManager: Keystore file not found, loading empty keystore
2022-06-06 14:59:35,003 INFO o.a.j.t.JMeterThread: Thread started: Thread Group 1-6
2022-06-06 14:59:35,252 INFO o.a.j.t.JMeterThread: Thread started: Thread Group 1-7
2022-06-06 14:59:35,502 INFO o.a.j.t.JMeterThread: Thread started: Thread Group 1-8
2022-06-06 14:59:41,919 INFO o.a.j.t.JMeterThread: Thread is done: Thread Group 1-1
2022-06-06 14:59:41,920 INFO o.a.j.t.JMeterThread: Thread finished: Thread Group 1-1
2022-06-06 14:59:42,055 INFO o.a.j.t.JMeterThread: Thread is done: Thread Group 1-4
2022-06-06 14:59:42,056 INFO o.a.j.t.JMeterThread: Thread finished: Thread Group 1-4
2022-06-06 14:59:42,057 INFO o.a.j.t.JMeterThread: Thread is done: Thread Group 1-3
2022-06-06 14:59:42,057 INFO o.a.j.t.JMeterThread: Thread finished: Thread Group 1-3
2022-06-06 14:59:42,059 INFO o.a.j.t.JMeterThread: Thread is done: Thread Group 1-5
2022-06-06 14:59:42,059 INFO o.a.j.t.JMeterThread: Thread finished: Thread Group 1-5
2022-06-06 14:59:42,063 INFO o.a.j.t.JMeterThread: Thread is done: Thread Group 1-6
2022-06-06 14:59:42,064 INFO o.a.j.t.JMeterThread: Thread finished: Thread Group 1-6
2022-06-06 14:59:42,071 INFO o.a.j.t.JMeterThread: Thread is done: Thread Group 1-8
2022-06-06 14:59:42,071 INFO o.a.j.t.JMeterThread: Thread finished: Thread Group 1-8
2022-06-06 14:59:42,073 INFO o.a.j.t.JMeterThread: Thread is done: Thread Group 1-7
2022-06-06 14:59:42,073 INFO o.a.j.t.JMeterThread: Thread finished: Thread Group 1-7
2022-06-06 14:59:42,482 INFO o.a.j.t.JMeterThread: Thread is done: Thread Group 1-2
2022-06-06 14:59:42,483 INFO o.a.j.t.JMeterThread: Thread finished: Thread Group 1-2
2022-06-06 14:59:42,486 INFO o.a.j.e.StandardJMeterEngine: Notifying test listeners of end of test
2022-06-06 14:59:42,491 INFO o.a.j.r.Summariser: summary =     40 in 00:00:09 =    4.5/s Avg:  1487 Min:  1183 Max:  3077 Err:     0 (0.00%)
