2021-03-20 12:13:01,748 INFO o.a.j.u.JMeterUtils: Setting Locale to en_EN
2021-03-20 12:13:01,765 INFO o.a.j.JMeter: Loading user properties from: C:\Users\popae\Downloads\apache-jmeter-5.4\apache-jmeter-5.4\bin\user.properties
2021-03-20 12:13:01,766 INFO o.a.j.JMeter: Loading system properties from: C:\Users\popae\Downloads\apache-jmeter-5.4\apache-jmeter-5.4\bin\system.properties
2021-03-20 12:13:01,777 INFO o.a.j.JMeter: Copyright (c) 1998-2020 The Apache Software Foundation
2021-03-20 12:13:01,777 INFO o.a.j.JMeter: Version 5.4
2021-03-20 12:13:01,777 INFO o.a.j.JMeter: java.version=1.8.0_181
2021-03-20 12:13:01,777 INFO o.a.j.JMeter: java.vm.name=Java HotSpot(TM) 64-Bit Server VM
2021-03-20 12:13:01,778 INFO o.a.j.JMeter: os.name=Windows 10
2021-03-20 12:13:01,778 INFO o.a.j.JMeter: os.arch=amd64
2021-03-20 12:13:01,778 INFO o.a.j.JMeter: os.version=10.0
2021-03-20 12:13:01,778 INFO o.a.j.JMeter: file.encoding=Cp1252
2021-03-20 12:13:01,778 INFO o.a.j.JMeter: java.awt.headless=true
2021-03-20 12:13:01,778 INFO o.a.j.JMeter: Max memory     =1073741824
2021-03-20 12:13:01,778 INFO o.a.j.JMeter: Available Processors =4
2021-03-20 12:13:01,783 INFO o.a.j.JMeter: Default Locale=English (EN)
2021-03-20 12:13:01,783 INFO o.a.j.JMeter: JMeter  Locale=English (EN)
2021-03-20 12:13:01,784 INFO o.a.j.JMeter: JMeterHome=C:\Users\popae\Downloads\apache-jmeter-5.4\apache-jmeter-5.4
2021-03-20 12:13:01,784 INFO o.a.j.JMeter: user.dir  =D:\facultate\Anul 5\cercetare\cercetare - semestrul 2\schita\JMeterFromScratch\src
2021-03-20 12:13:01,784 INFO o.a.j.JMeter: PWD       =D:\facultate\Anul 5\cercetare\cercetare - semestrul 2\schita\JMeterFromScratch\src
2021-03-20 12:13:06,504 INFO o.a.j.JMeter: IP: 192.168.56.1 Name: DESKTOP-IFJQT71 FullName: DESKTOP-IFJQT71
2021-03-20 12:13:06,521 INFO o.a.j.s.FileServer: Default base='D:\facultate\Anul 5\cercetare\cercetare - semestrul 2\schita\JMeterFromScratch\src'
2021-03-20 12:13:06,524 INFO o.a.j.s.FileServer: Set new base='D:\facultate\Anul 5\cercetare\cercetare - semestrul 2\schita\JMeterFromScratch\src'
2021-03-20 12:13:06,704 INFO o.a.j.s.SaveService: Testplan (JMX) version: 2.2. Testlog (JTL) version: 2.2
2021-03-20 12:13:06,722 INFO o.a.j.s.SaveService: Using SaveService properties file encoding UTF-8
2021-03-20 12:13:06,727 INFO o.a.j.s.SaveService: Using SaveService properties version 5.0
2021-03-20 12:13:06,734 INFO o.a.j.s.SaveService: Loading file: plan.jmx
2021-03-20 12:13:06,783 INFO o.a.j.p.h.s.HTTPSamplerBase: Parser for text/html is org.apache.jmeter.protocol.http.parser.LagartoBasedHtmlParser
2021-03-20 12:13:06,784 INFO o.a.j.p.h.s.HTTPSamplerBase: Parser for application/xhtml+xml is org.apache.jmeter.protocol.http.parser.LagartoBasedHtmlParser
2021-03-20 12:13:06,784 INFO o.a.j.p.h.s.HTTPSamplerBase: Parser for application/xml is org.apache.jmeter.protocol.http.parser.LagartoBasedHtmlParser
2021-03-20 12:13:06,784 INFO o.a.j.p.h.s.HTTPSamplerBase: Parser for text/xml is org.apache.jmeter.protocol.http.parser.LagartoBasedHtmlParser
2021-03-20 12:13:06,784 INFO o.a.j.p.h.s.HTTPSamplerBase: Parser for text/vnd.wap.wml is org.apache.jmeter.protocol.http.parser.RegexpHTMLParser
2021-03-20 12:13:06,784 INFO o.a.j.p.h.s.HTTPSamplerBase: Parser for text/css is org.apache.jmeter.protocol.http.parser.CssParser
2021-03-20 12:13:06,823 INFO o.a.j.JMeter: Creating summariser <summary>
2021-03-20 12:13:06,832 INFO o.a.j.e.StandardJMeterEngine: Running the test!
2021-03-20 12:13:06,833 INFO o.a.j.s.SampleEvent: List of sample_variables: []
2021-03-20 12:13:06,833 INFO o.a.j.s.SampleEvent: List of sample_variables: []
2021-03-20 12:13:06,841 INFO o.a.j.e.u.CompoundVariable: Note: Function class names must contain the string: '.functions.'
2021-03-20 12:13:06,842 INFO o.a.j.e.u.CompoundVariable: Note: Function class names must not contain the string: '.gui.'
2021-03-20 12:13:07,251 INFO o.a.j.JMeter: Running test (1616235187251)
2021-03-20 12:13:07,293 INFO o.a.j.e.StandardJMeterEngine: Starting ThreadGroup: 1 : Thread Group
2021-03-20 12:13:07,293 INFO o.a.j.e.StandardJMeterEngine: Starting 5 threads for group Thread Group.
2021-03-20 12:13:07,294 INFO o.a.j.e.StandardJMeterEngine: Thread will continue on error
2021-03-20 12:13:07,294 INFO o.a.j.t.ThreadGroup: Starting thread group... number=1 threads=5 ramp-up=1 delayedStart=false
2021-03-20 12:13:07,301 INFO o.a.j.t.ThreadGroup: Started thread group number 1
2021-03-20 12:13:07,301 INFO o.a.j.e.StandardJMeterEngine: All thread groups have been started
2021-03-20 12:13:07,304 INFO o.a.j.t.JMeterThread: Thread started: Thread Group 1-1
2021-03-20 12:13:07,325 INFO o.a.j.p.h.s.HTTPHCAbstractImpl: Local host = DESKTOP-IFJQT71
2021-03-20 12:13:07,332 INFO o.a.j.p.h.s.HTTPHC4Impl: HTTP request retry count = 0
2021-03-20 12:13:07,334 INFO o.a.j.s.SampleResult: Note: Sample TimeStamps are START times
2021-03-20 12:13:07,334 INFO o.a.j.s.SampleResult: sampleresult.default.encoding is set to ISO-8859-1
2021-03-20 12:13:07,334 INFO o.a.j.s.SampleResult: sampleresult.useNanoTime=true
2021-03-20 12:13:07,334 INFO o.a.j.s.SampleResult: sampleresult.nanoThreadSleep=5000
2021-03-20 12:13:07,499 INFO o.a.j.t.JMeterThread: Thread started: Thread Group 1-2
2021-03-20 12:13:07,698 INFO o.a.j.t.JMeterThread: Thread started: Thread Group 1-3
2021-03-20 12:13:07,898 INFO o.a.j.t.JMeterThread: Thread started: Thread Group 1-4
2021-03-20 12:13:08,097 INFO o.a.j.t.JMeterThread: Thread started: Thread Group 1-5
2021-03-20 12:13:09,595 INFO o.a.j.t.JMeterThread: Thread is done: Thread Group 1-1
2021-03-20 12:13:09,595 INFO o.a.j.t.JMeterThread: Thread finished: Thread Group 1-1
2021-03-20 12:13:09,695 INFO o.a.j.t.JMeterThread: Thread is done: Thread Group 1-2
2021-03-20 12:13:09,696 INFO o.a.j.t.JMeterThread: Thread finished: Thread Group 1-2
2021-03-20 12:13:09,958 INFO o.a.j.t.JMeterThread: Thread is done: Thread Group 1-3
2021-03-20 12:13:09,958 INFO o.a.j.t.JMeterThread: Thread finished: Thread Group 1-3
2021-03-20 12:13:10,110 INFO o.a.j.t.JMeterThread: Thread is done: Thread Group 1-4
2021-03-20 12:13:10,110 INFO o.a.j.t.JMeterThread: Thread finished: Thread Group 1-4
2021-03-20 12:13:10,290 INFO o.a.j.t.JMeterThread: Thread is done: Thread Group 1-5
2021-03-20 12:13:10,290 INFO o.a.j.t.JMeterThread: Thread finished: Thread Group 1-5
2021-03-20 12:13:10,291 INFO o.a.j.e.StandardJMeterEngine: Notifying test listeners of end of test
2021-03-20 12:13:10,295 INFO o.a.j.r.Summariser: summary =    100 in 00:00:03 =   32.9/s Avg:   109 Min:    94 Max:   202 Err:     0 (0.00%)
