2021-11-27 18:10:37,892 INFO o.a.j.u.JMeterUtils: Setting Locale to en_US
2021-11-27 18:10:37,977 INFO o.a.j.JMeter: Loading user properties from: user.properties
2021-11-27 18:10:38,009 INFO o.a.j.JMeter: Loading system properties from: system.properties
2021-11-27 18:10:38,035 INFO o.a.j.JMeter: Copyright (c) 1998-2020 The Apache Software Foundation
2021-11-27 18:10:38,035 INFO o.a.j.JMeter: Version 5.4
2021-11-27 18:10:38,035 INFO o.a.j.JMeter: java.version=1.8.0_181
2021-11-27 18:10:38,036 INFO o.a.j.JMeter: java.vm.name=Java HotSpot(TM) 64-Bit Server VM
2021-11-27 18:10:38,036 INFO o.a.j.JMeter: os.name=Windows 10
2021-11-27 18:10:38,036 INFO o.a.j.JMeter: os.arch=amd64
2021-11-27 18:10:38,036 INFO o.a.j.JMeter: os.version=10.0
2021-11-27 18:10:38,036 INFO o.a.j.JMeter: file.encoding=Cp1252
2021-11-27 18:10:38,036 INFO o.a.j.JMeter: java.awt.headless=null
2021-11-27 18:10:38,037 INFO o.a.j.JMeter: Max memory     =1888485376
2021-11-27 18:10:38,037 INFO o.a.j.JMeter: Available Processors =4
2021-11-27 18:10:38,072 INFO o.a.j.JMeter: Default Locale=English (United States)
2021-11-27 18:10:38,072 INFO o.a.j.JMeter: JMeter  Locale=English (United States)
2021-11-27 18:10:38,072 INFO o.a.j.JMeter: JMeterHome=C:\Users\popae\Downloads\apache-jmeter-5.4\apache-jmeter-5.4
2021-11-27 18:10:38,072 INFO o.a.j.JMeter: user.dir  =C:\Users\popae\Downloads\apache-jmeter-5.4\apache-jmeter-5.4\bin
2021-11-27 18:10:38,073 INFO o.a.j.JMeter: PWD       =C:\Users\popae\Downloads\apache-jmeter-5.4\apache-jmeter-5.4\bin
2021-11-27 18:10:38,299 INFO o.a.j.JMeter: IP: 192.168.2.5 Name: DESKTOP-IFJQT71 FullName: 192.168.2.5
2021-11-27 18:10:38,621 INFO o.a.j.JMeter: Setting LAF to: com.github.weisj.darklaf.DarkLaf:com.github.weisj.darklaf.theme.DarculaTheme
2021-11-27 18:10:41,205 INFO o.a.j.JMeter: Loaded icon properties from org/apache/jmeter/images/icon.properties
2021-11-27 18:11:08,975 INFO o.a.j.p.h.s.HTTPSamplerBase: Parser for text/html is org.apache.jmeter.protocol.http.parser.LagartoBasedHtmlParser
2021-11-27 18:11:08,975 INFO o.a.j.p.h.s.HTTPSamplerBase: Parser for application/xhtml+xml is org.apache.jmeter.protocol.http.parser.LagartoBasedHtmlParser
2021-11-27 18:11:08,975 INFO o.a.j.p.h.s.HTTPSamplerBase: Parser for application/xml is org.apache.jmeter.protocol.http.parser.LagartoBasedHtmlParser
2021-11-27 18:11:08,976 INFO o.a.j.p.h.s.HTTPSamplerBase: Parser for text/xml is org.apache.jmeter.protocol.http.parser.LagartoBasedHtmlParser
2021-11-27 18:11:08,976 INFO o.a.j.p.h.s.HTTPSamplerBase: Parser for text/vnd.wap.wml is org.apache.jmeter.protocol.http.parser.RegexpHTMLParser
2021-11-27 18:11:08,976 INFO o.a.j.p.h.s.HTTPSamplerBase: Parser for text/css is org.apache.jmeter.protocol.http.parser.CssParser
